<?xml version="1.0" encoding="UTF-8"?>
<testng-results ignored="0" total="2" passed="2" failed="0" skipped="0">
  <reporter-output>
  </reporter-output>
  <suite started-at="2024-03-07T10:08:23 IST" name="Default suite" finished-at="2024-03-07T10:08:29 IST" duration-ms="6383">
    <groups>
    </groups>
    <test started-at="2024-03-07T10:08:23 IST" name="Default test" finished-at="2024-03-07T10:08:29 IST" duration-ms="6383">
      <class name="com.cg.extentreport.ExtentReportDemo1">
        <test-method is-config="true" signature="config()[pri:0, instance:com.cg.extentreport.ExtentReportDemo1@58cbafc2]" started-at="2024-03-07T10:08:23 IST" name="config" finished-at="2024-03-07T10:08:23 IST" duration-ms="273" status="PASS">
          <reporter-output>
          </reporter-output>
        </test-method> <!-- config -->
        <test-method signature="OpenFaceBook()[pri:0, instance:com.cg.extentreport.ExtentReportDemo1@58cbafc2]" started-at="2024-03-07T10:08:23 IST" name="OpenFaceBook" finished-at="2024-03-07T10:08:26 IST" duration-ms="2691" status="PASS">
          <reporter-output>
          </reporter-output>
        </test-method> <!-- OpenFaceBook -->
        <test-method signature="OpenGoogle()[pri:0, instance:com.cg.extentreport.ExtentReportDemo1@58cbafc2]" started-at="2024-03-07T10:08:26 IST" name="OpenGoogle" finished-at="2024-03-07T10:08:29 IST" duration-ms="3118" status="PASS">
          <reporter-output>
          </reporter-output>
        </test-method> <!-- OpenGoogle -->
        <test-method is-config="true" signature="tearDown()[pri:0, instance:com.cg.extentreport.ExtentReportDemo1@58cbafc2]" started-at="2024-03-07T10:08:29 IST" name="tearDown" finished-at="2024-03-07T10:08:29 IST" duration-ms="255" status="PASS">
          <reporter-output>
          </reporter-output>
        </test-method> <!-- tearDown -->
      </class> <!-- com.cg.extentreport.ExtentReportDemo1 -->
    </test> <!-- Default test -->
  </suite> <!-- Default suite -->
</testng-results>
